<?xml version="1.0" encoding="UTF-8"?>
<testng-results ignored="2" total="5" passed="3" failed="0" skipped="0">
  <reporter-output>
  </reporter-output>
  <suite started-at="2023-04-22T17:16:39 IST" name="Suite" finished-at="2023-04-22T17:16:39 IST" duration-ms="55">
    <groups>
      <group name="Sanity">
        <method signature="Test_2.test1()[pri:0, instance:TestNG.Test_2@393671df]" name="test1" class="TestNG.Test_2"/>
        <method signature="Test_2.test3()[pri:0, instance:TestNG.Test_2@393671df]" name="test3" class="TestNG.Test_2"/>
        <method signature="Test_2.test4()[pri:0, instance:TestNG.Test_2@393671df]" name="test4" class="TestNG.Test_2"/>
      </group> <!-- Sanity -->
    </groups>
    <test started-at="2023-04-22T17:16:39 IST" name="Test" finished-at="2023-04-22T17:16:39 IST" duration-ms="55">
      <class name="TestNG.Test_2">
        <test-method signature="test1()[pri:0, instance:TestNG.Test_2@393671df]" started-at="2023-04-22T17:16:39 IST" name="test1" finished-at="2023-04-22T17:16:39 IST" duration-ms="8" status="PASS">
          <reporter-output>
          </reporter-output>
        </test-method> <!-- test1 -->
        <test-method signature="test3()[pri:0, instance:TestNG.Test_2@393671df]" started-at="2023-04-22T17:16:39 IST" name="test3" finished-at="2023-04-22T17:16:39 IST" duration-ms="2" status="PASS">
          <reporter-output>
          </reporter-output>
        </test-method> <!-- test3 -->
        <test-method signature="test4()[pri:0, instance:TestNG.Test_2@393671df]" started-at="2023-04-22T17:16:39 IST" name="test4" finished-at="2023-04-22T17:16:39 IST" duration-ms="1" status="PASS">
          <reporter-output>
          </reporter-output>
        </test-method> <!-- test4 -->
      </class> <!-- TestNG.Test_2 -->
    </test> <!-- Test -->
  </suite> <!-- Suite -->
</testng-results>
